{"total": {"lines":{"total":2817,"covered":279,"skipped":0,"pct":9.9},"statements":{"total":3555,"covered":332,"skipped":0,"pct":9.33},"functions":{"total":928,"covered":44,"skipped":0,"pct":4.74},"branches":{"total":2888,"covered":112,"skipped":0,"pct":3.87},"branchesTrue":{"total":0,"covered":0,"skipped":0,"pct":100}}
,"C:\\Users\\USUARIO\\Documents\\proyecto-si783-2026-i-u1-simulador-de-carga-de-bds\\src\\AdminApp.tsx": {"lines":{"total":89,"covered":0,"skipped":0,"pct":0},"functions":{"total":50,"covered":0,"skipped":0,"pct":0},"statements":{"total":127,"covered":0,"skipped":0,"pct":0},"branches":{"total":100,"covered":0,"skipped":0,"pct":0}}
,"C:\\Users\\USUARIO\\Documents\\proyecto-si783-2026-i-u1-simulador-de-carga-de-bds\\src\\App.tsx": {"lines":{"total":71,"covered":0,"skipped":0,"pct":0},"functions":{"total":20,"covered":0,"skipped":0,"pct":0},"statements":{"total":81,"covered":0,"skipped":0,"pct":0},"branches":{"total":61,"covered":0,"skipped":0,"pct":0}}
,"C:\\Users\\USUARIO\\Documents\\proyecto-si783-2026-i-u1-simulador-de-carga-de-bds\\src\\SimulatorApp.tsx": {"lines":{"total":22,"covered":0,"skipped":0,"pct":0},"functions":{"total":11,"covered":0,"skipped":0,"pct":0},"statements":{"total":26,"covered":0,"skipped":0,"pct":0},"branches":{"total":6,"covered":0,"skipped":0,"pct":0}}
,"C:\\Users\\USUARIO\\Documents\\proyecto-si783-2026-i-u1-simulador-de-carga-de-bds\\src\\types.ts": {"lines":{"total":1,"covered":0,"skipped":0,"pct":0},"functions":{"total":0,"covered":0,"skipped":0,"pct":100},"statements":{"total":1,"covered":0,"skipped":0,"pct":0},"branches":{"total":0,"covered":0,"skipped":0,"pct":100}}
,"C:\\Users\\USUARIO\\Documents\\proyecto-si783-2026-i-u1-simulador-de-carga-de-bds\\src\\components\\AdminLogin.tsx": {"lines":{"total":13,"covered":0,"skipped":0,"pct":0},"functions":{"total":2,"covered":0,"skipped":0,"pct":0},"statements":{"total":13,"covered":0,"skipped":0,"pct":0},"branches":{"total":10,"covered":0,"skipped":0,"pct":0}}
,"C:\\Users\\USUARIO\\Documents\\proyecto-si783-2026-i-u1-simulador-de-carga-de-bds\\src\\components\\ConnectionBar.tsx": {"lines":{"total":34,"covered":0,"skipped":0,"pct":0},"functions":{"total":21,"covered":0,"skipped":0,"pct":0},"statements":{"total":48,"covered":0,"skipped":0,"pct":0},"branches":{"total":30,"covered":0,"skipped":0,"pct":0}}
,"C:\\Users\\USUARIO\\Documents\\proyecto-si783-2026-i-u1-simulador-de-carga-de-bds\\src\\components\\DatabaseManagerModal.tsx": {"lines":{"total":94,"covered":0,"skipped":0,"pct":0},"functions":{"total":36,"covered":0,"skipped":0,"pct":0},"statements":{"total":117,"covered":0,"skipped":0,"pct":0},"branches":{"total":139,"covered":0,"skipped":0,"pct":0}}
,"C:\\Users\\USUARIO\\Documents\\proyecto-si783-2026-i-u1-simulador-de-carga-de-bds\\src\\components\\EngineTabs.tsx": {"lines":{"total":29,"covered":0,"skipped":0,"pct":0},"functions":{"total":13,"covered":0,"skipped":0,"pct":0},"statements":{"total":35,"covered":0,"skipped":0,"pct":0},"branches":{"total":30,"covered":0,"skipped":0,"pct":0}}
,"C:\\Users\\USUARIO\\Documents\\proyecto-si783-2026-i-u1-simulador-de-carga-de-bds\\src\\components\\LoadSimulatorModal.tsx": {"lines":{"total":444,"covered":0,"skipped":0,"pct":0},"functions":{"total":103,"covered":0,"skipped":0,"pct":0},"statements":{"total":500,"covered":0,"skipped":0,"pct":0},"branches":{"total":573,"covered":0,"skipped":0,"pct":0}}
,"C:\\Users\\USUARIO\\Documents\\proyecto-si783-2026-i-u1-simulador-de-carga-de-bds\\src\\components\\LoginScreen.tsx": {"lines":{"total":179,"covered":0,"skipped":0,"pct":0},"functions":{"total":72,"covered":0,"skipped":0,"pct":0},"statements":{"total":285,"covered":0,"skipped":0,"pct":0},"branches":{"total":192,"covered":0,"skipped":0,"pct":0}}
,"C:\\Users\\USUARIO\\Documents\\proyecto-si783-2026-i-u1-simulador-de-carga-de-bds\\src\\components\\OnlineUsersPanel.tsx": {"lines":{"total":32,"covered":0,"skipped":0,"pct":0},"functions":{"total":18,"covered":0,"skipped":0,"pct":0},"statements":{"total":45,"covered":0,"skipped":0,"pct":0},"branches":{"total":38,"covered":0,"skipped":0,"pct":0}}
,"C:\\Users\\USUARIO\\Documents\\proyecto-si783-2026-i-u1-simulador-de-carga-de-bds\\src\\components\\ResultsPanel.tsx": {"lines":{"total":47,"covered":0,"skipped":0,"pct":0},"functions":{"total":24,"covered":0,"skipped":0,"pct":0},"statements":{"total":55,"covered":0,"skipped":0,"pct":0},"branches":{"total":95,"covered":0,"skipped":0,"pct":0}}
,"C:\\Users\\USUARIO\\Documents\\proyecto-si783-2026-i-u1-simulador-de-carga-de-bds\\src\\components\\SQLEditor.tsx": {"lines":{"total":65,"covered":0,"skipped":0,"pct":0},"functions":{"total":17,"covered":0,"skipped":0,"pct":0},"statements":{"total":74,"covered":0,"skipped":0,"pct":0},"branches":{"total":72,"covered":0,"skipped":0,"pct":0}}
,"C:\\Users\\USUARIO\\Documents\\proyecto-si783-2026-i-u1-simulador-de-carga-de-bds\\src\\components\\SchemaExplorer.tsx": {"lines":{"total":67,"covered":0,"skipped":0,"pct":0},"functions":{"total":51,"covered":0,"skipped":0,"pct":0},"statements":{"total":87,"covered":0,"skipped":0,"pct":0},"branches":{"total":64,"covered":0,"skipped":0,"pct":0}}
,"C:\\Users\\USUARIO\\Documents\\proyecto-si783-2026-i-u1-simulador-de-carga-de-bds\\src\\components\\Sidebar.tsx": {"lines":{"total":85,"covered":0,"skipped":0,"pct":0},"functions":{"total":30,"covered":0,"skipped":0,"pct":0},"statements":{"total":97,"covered":0,"skipped":0,"pct":0},"branches":{"total":88,"covered":0,"skipped":0,"pct":0}}
,"C:\\Users\\USUARIO\\Documents\\proyecto-si783-2026-i-u1-simulador-de-carga-de-bds\\src\\components\\SimulatorRegister.tsx": {"lines":{"total":10,"covered":0,"skipped":0,"pct":0},"functions":{"total":4,"covered":0,"skipped":0,"pct":0},"statements":{"total":15,"covered":0,"skipped":0,"pct":0},"branches":{"total":6,"covered":0,"skipped":0,"pct":0}}
,"C:\\Users\\USUARIO\\Documents\\proyecto-si783-2026-i-u1-simulador-de-carga-de-bds\\src\\components\\TopBar.tsx": {"lines":{"total":66,"covered":0,"skipped":0,"pct":0},"functions":{"total":27,"covered":0,"skipped":0,"pct":0},"statements":{"total":77,"covered":0,"skipped":0,"pct":0},"branches":{"total":110,"covered":0,"skipped":0,"pct":0}}
,"C:\\Users\\USUARIO\\Documents\\proyecto-si783-2026-i-u1-simulador-de-carga-de-bds\\src\\components\\WelcomeScreen.tsx": {"lines":{"total":43,"covered":0,"skipped":0,"pct":0},"functions":{"total":19,"covered":0,"skipped":0,"pct":0},"statements":{"total":57,"covered":0,"skipped":0,"pct":0},"branches":{"total":33,"covered":0,"skipped":0,"pct":0}}
,"C:\\Users\\USUARIO\\Documents\\proyecto-si783-2026-i-u1-simulador-de-carga-de-bds\\src\\components\\modals\\AboutModal.tsx": {"lines":{"total":6,"covered":0,"skipped":0,"pct":0},"functions":{"total":4,"covered":0,"skipped":0,"pct":0},"statements":{"total":6,"covered":0,"skipped":0,"pct":0},"branches":{"total":0,"covered":0,"skipped":0,"pct":100}}
,"C:\\Users\\USUARIO\\Documents\\proyecto-si783-2026-i-u1-simulador-de-carga-de-bds\\src\\components\\modals\\EnvModal.tsx": {"lines":{"total":41,"covered":0,"skipped":0,"pct":0},"functions":{"total":21,"covered":0,"skipped":0,"pct":0},"statements":{"total":52,"covered":0,"skipped":0,"pct":0},"branches":{"total":36,"covered":0,"skipped":0,"pct":0}}
,"C:\\Users\\USUARIO\\Documents\\proyecto-si783-2026-i-u1-simulador-de-carga-de-bds\\src\\components\\modals\\ExportModal.tsx": {"lines":{"total":58,"covered":0,"skipped":0,"pct":0},"functions":{"total":23,"covered":0,"skipped":0,"pct":0},"statements":{"total":67,"covered":0,"skipped":0,"pct":0},"branches":{"total":35,"covered":0,"skipped":0,"pct":0}}
,"C:\\Users\\USUARIO\\Documents\\proyecto-si783-2026-i-u1-simulador-de-carga-de-bds\\src\\components\\modals\\HelpModal.tsx": {"lines":{"total":10,"covered":0,"skipped":0,"pct":0},"functions":{"total":8,"covered":0,"skipped":0,"pct":0},"statements":{"total":11,"covered":0,"skipped":0,"pct":0},"branches":{"total":2,"covered":0,"skipped":0,"pct":0}}
,"C:\\Users\\USUARIO\\Documents\\proyecto-si783-2026-i-u1-simulador-de-carga-de-bds\\src\\components\\modals\\HistoryModal.tsx": {"lines":{"total":15,"covered":0,"skipped":0,"pct":0},"functions":{"total":8,"covered":0,"skipped":0,"pct":0},"statements":{"total":17,"covered":0,"skipped":0,"pct":0},"branches":{"total":16,"covered":0,"skipped":0,"pct":0}}
,"C:\\Users\\USUARIO\\Documents\\proyecto-si783-2026-i-u1-simulador-de-carga-de-bds\\src\\components\\modals\\QueryLogsModal.tsx": {"lines":{"total":10,"covered":0,"skipped":0,"pct":0},"functions":{"total":6,"covered":0,"skipped":0,"pct":0},"statements":{"total":12,"covered":0,"skipped":0,"pct":0},"branches":{"total":14,"covered":0,"skipped":0,"pct":0}}
,"C:\\Users\\USUARIO\\Documents\\proyecto-si783-2026-i-u1-simulador-de-carga-de-bds\\src\\components\\modals\\SettingsModal.tsx": {"lines":{"total":33,"covered":0,"skipped":0,"pct":0},"functions":{"total":25,"covered":0,"skipped":0,"pct":0},"statements":{"total":36,"covered":0,"skipped":0,"pct":0},"branches":{"total":20,"covered":0,"skipped":0,"pct":0}}
,"C:\\Users\\USUARIO\\Documents\\proyecto-si783-2026-i-u1-simulador-de-carga-de-bds\\src\\components\\modals\\StatsModal.tsx": {"lines":{"total":22,"covered":0,"skipped":0,"pct":0},"functions":{"total":10,"covered":0,"skipped":0,"pct":0},"statements":{"total":25,"covered":0,"skipped":0,"pct":0},"branches":{"total":18,"covered":0,"skipped":0,"pct":0}}
,"C:\\Users\\USUARIO\\Documents\\proyecto-si783-2026-i-u1-simulador-de-carga-de-bds\\src\\components\\modals\\SyntaxComparatorModal.tsx": {"lines":{"total":17,"covered":0,"skipped":0,"pct":0},"functions":{"total":10,"covered":0,"skipped":0,"pct":0},"statements":{"total":18,"covered":0,"skipped":0,"pct":0},"branches":{"total":4,"covered":0,"skipped":0,"pct":0}}
,"C:\\Users\\USUARIO\\Documents\\proyecto-si783-2026-i-u1-simulador-de-carga-de-bds\\src\\components\\modals\\UserDropdown.tsx": {"lines":{"total":17,"covered":0,"skipped":0,"pct":0},"functions":{"total":11,"covered":0,"skipped":0,"pct":0},"statements":{"total":21,"covered":0,"skipped":0,"pct":0},"branches":{"total":16,"covered":0,"skipped":0,"pct":0}}
,"C:\\Users\\USUARIO\\Documents\\proyecto-si783-2026-i-u1-simulador-de-carga-de-bds\\src\\data\\tiendaDB.ts": {"lines":{"total":7,"covered":0,"skipped":0,"pct":0},"functions":{"total":0,"covered":0,"skipped":0,"pct":100},"statements":{"total":7,"covered":0,"skipped":0,"pct":0},"branches":{"total":0,"covered":0,"skipped":0,"pct":100}}
,"C:\\Users\\USUARIO\\Documents\\proyecto-si783-2026-i-u1-simulador-de-carga-de-bds\\src\\db\\idbStorage.ts": {"lines":{"total":62,"covered":5,"skipped":0,"pct":8.06},"functions":{"total":29,"covered":0,"skipped":0,"pct":0},"statements":{"total":77,"covered":5,"skipped":0,"pct":6.49},"branches":{"total":8,"covered":0,"skipped":0,"pct":0}}
,"C:\\Users\\USUARIO\\Documents\\proyecto-si783-2026-i-u1-simulador-de-carga-de-bds\\src\\engines\\exportHelper.ts": {"lines":{"total":156,"covered":87,"skipped":0,"pct":55.76},"functions":{"total":24,"covered":16,"skipped":0,"pct":66.66},"statements":{"total":174,"covered":93,"skipped":0,"pct":53.44},"branches":{"total":80,"covered":27,"skipped":0,"pct":33.75}}
,"C:\\Users\\USUARIO\\Documents\\proyecto-si783-2026-i-u1-simulador-de-carga-de-bds\\src\\engines\\queryLogger.ts": {"lines":{"total":22,"covered":21,"skipped":0,"pct":95.45},"functions":{"total":5,"covered":5,"skipped":0,"pct":100},"statements":{"total":27,"covered":24,"skipped":0,"pct":88.88},"branches":{"total":22,"covered":17,"skipped":0,"pct":77.27}}
,"C:\\Users\\USUARIO\\Documents\\proyecto-si783-2026-i-u1-simulador-de-carga-de-bds\\src\\engines\\sqlEngine.ts": {"lines":{"total":701,"covered":148,"skipped":0,"pct":21.11},"functions":{"total":110,"covered":18,"skipped":0,"pct":16.36},"statements":{"total":945,"covered":190,"skipped":0,"pct":20.1},"branches":{"total":737,"covered":65,"skipped":0,"pct":8.81}}
,"C:\\Users\\USUARIO\\Documents\\proyecto-si783-2026-i-u1-simulador-de-carga-de-bds\\src\\lib\\adminUsers.ts": {"lines":{"total":11,"covered":0,"skipped":0,"pct":0},"functions":{"total":7,"covered":0,"skipped":0,"pct":0},"statements":{"total":19,"covered":0,"skipped":0,"pct":0},"branches":{"total":28,"covered":0,"skipped":0,"pct":0}}
,"C:\\Users\\USUARIO\\Documents\\proyecto-si783-2026-i-u1-simulador-de-carga-de-bds\\src\\lib\\auth.ts": {"lines":{"total":67,"covered":0,"skipped":0,"pct":0},"functions":{"total":12,"covered":0,"skipped":0,"pct":0},"statements":{"total":83,"covered":0,"skipped":0,"pct":0},"branches":{"total":50,"covered":0,"skipped":0,"pct":0}}
,"C:\\Users\\USUARIO\\Documents\\proyecto-si783-2026-i-u1-simulador-de-carga-de-bds\\src\\lib\\firebase.ts": {"lines":{"total":9,"covered":0,"skipped":0,"pct":0},"functions":{"total":0,"covered":0,"skipped":0,"pct":100},"statements":{"total":9,"covered":0,"skipped":0,"pct":0},"branches":{"total":6,"covered":0,"skipped":0,"pct":0}}
,"C:\\Users\\USUARIO\\Documents\\proyecto-si783-2026-i-u1-simulador-de-carga-de-bds\\src\\lib\\presence.ts": {"lines":{"total":24,"covered":0,"skipped":0,"pct":0},"functions":{"total":10,"covered":0,"skipped":0,"pct":0},"statements":{"total":31,"covered":0,"skipped":0,"pct":0},"branches":{"total":32,"covered":0,"skipped":0,"pct":0}}
,"C:\\Users\\USUARIO\\Documents\\proyecto-si783-2026-i-u1-simulador-de-carga-de-bds\\src\\lib\\simulatorSession.ts": {"lines":{"total":23,"covered":0,"skipped":0,"pct":0},"functions":{"total":8,"covered":0,"skipped":0,"pct":0},"statements":{"total":29,"covered":0,"skipped":0,"pct":0},"branches":{"total":44,"covered":0,"skipped":0,"pct":0}}
,"C:\\Users\\USUARIO\\Documents\\proyecto-si783-2026-i-u1-simulador-de-carga-de-bds\\src\\store\\useStore.ts": {"lines":{"total":97,"covered":0,"skipped":0,"pct":0},"functions":{"total":74,"covered":0,"skipped":0,"pct":0},"statements":{"total":129,"covered":0,"skipped":0,"pct":0},"branches":{"total":69,"covered":0,"skipped":0,"pct":0}}
,"C:\\Users\\USUARIO\\Documents\\proyecto-si783-2026-i-u1-simulador-de-carga-de-bds\\src\\utils\\loadHistory.ts": {"lines":{"total":18,"covered":18,"skipped":0,"pct":100},"functions":{"total":5,"covered":5,"skipped":0,"pct":100},"statements":{"total":20,"covered":20,"skipped":0,"pct":100},"branches":{"total":4,"covered":3,"skipped":0,"pct":75}}
}
